#
# There is insufficient memory for the Java Runtime Environment to continue.
# Native memory allocation (malloc) failed to allocate 32744 bytes. Error detail: Chunk::new
# Possible reasons:
#   The system is out of physical RAM or swap space
#   This process is running with CompressedOops enabled, and the Java Heap may be blocking the growth of the native heap
# Possible solutions:
#   Reduce memory load on the system
#   Increase physical memory or swap space
#   Check if swap backing store is full
#   Decrease Java heap size (-Xmx/-Xms)
#   Decrease number of Java threads
#   Decrease Java thread stack sizes (-Xss)
#   Set larger code cache with -XX:ReservedCodeCacheSize=
#   JVM is running with Zero Based Compressed Oops mode in which the Java heap is
#     placed in the first 32GB address space. The Java Heap base address is the
#     maximum limit for the native heap growth. Please use -XX:HeapBaseMinAddress
#     to set the Java Heap base and to place the Java Heap above 32GB virtual address.
# This output file may be truncated or incomplete.
#
#  Out of Memory Error (arena.cpp:168), pid=31620, tid=23524
#
# JRE version: OpenJDK Runtime Environment Microsoft-11933218 (21.0.8+9) (build 21.0.8+9-LTS)
# Java VM: OpenJDK 64-Bit Server VM Microsoft-11933218 (21.0.8+9-LTS, mixed mode, sharing, tiered, compressed oops, compressed class ptrs, g1 gc, windows-amd64)
# No core dump will be written. Minidumps are not enabled by default on client versions of Windows
#

---------------  S U M M A R Y ------------

Command Line: --enable-native-access=ALL-UNNAMED -Dclassworlds.conf=C:\Program Files\apache-maven-3.9.11\bin\m2.conf -Dmaven.home=C:\Program Files\apache-maven-3.9.11 -Dlibrary.jansi.path=C:\Program Files\apache-maven-3.9.11\lib\jansi-native -Dmaven.multiModuleProjectDirectory=D:\project\taskManagement-\gpiApp\gpiApp org.codehaus.plexus.classworlds.launcher.Launcher clean compile -q

Host: 11th Gen Intel(R) Core(TM) i5-1135G7 @ 2.40GHz, 8 cores, 15G,  Windows 11 , 64 bit Build 26100 (10.0.26100.7623)
Time: Sun Jan 18 15:45:19 2026 Romance Standard Time elapsed time: 0.860196 seconds (0d 0h 0m 0s)

---------------  T H R E A D  ---------------

Current thread (0x000001db6247d410):  JavaThread "C2 CompilerThread0" daemon [_thread_in_native, id=23524, stack(0x00000061cbf00000,0x00000061cc000000) (1024K)]


Current CompileTask:
C2:860 1116       4       sun.nio.cs.StreamDecoder::lockedRead (189 bytes)

Stack: [0x00000061cbf00000,0x00000061cc000000]
Native frames: (J=compiled Java code, j=interpreted, Vv=VM code, C=native code)
V  [jvm.dll+0x6e1729]
V  [jvm.dll+0x8bf47b]
V  [jvm.dll+0x8c19aa]
V  [jvm.dll+0x8c2083]
V  [jvm.dll+0x289fd6]
V  [jvm.dll+0xc903d]
V  [jvm.dll+0xc958c]
V  [jvm.dll+0xc9165]
V  [jvm.dll+0x6bca9c]
V  [jvm.dll+0x609948]
V  [jvm.dll+0x608b68]
V